[
CSI_Start,
{0 0 #[(1,0) (1,0) (1,0) (1,0) (1,0) (1,0) (0.119469,-0.0748329) (0.170471,-0.0953271) (0.173828,-0.107458) (0.233964,-0.108147) (0.311584,-0.110678) (0.365758,-0.134799) (0.38674,-0.160561) (0.417938,-0.144692) (0.458848,-0.220512) (0.601859,-0.29339) (0.650006,-0.37579) (0.65186,-0.432581) (0.632395,-0.515723) (0.602009,-0.579832) (0.503539,-0.598795) (0.556516,-0.666474) (0.498955,-0.659919) (0.523851,-0.659737) (0.489989,-0.651253) (0.488298,-0.657064) (0.470962,-0.645227) (0.464836,-0.659433) (0.489251,-0.670351) (0.466402,-0.571373) (0.489956,-0.627032) (0.514244,-0.586297) (1,0) (0.498981,-0.616744) (0.427082,-0.625174) (0.498703,-0.56016) (0.531645,-0.622039) (0.470325,-0.56846) (0.506548,-0.599953) (0.505112,-0.572195) (0.454008,-0.555971) (0.459283,-0.624785) (0.506622,-0.616138) (0.432757,-0.630909) (0.465969,-0.610872) (0.400686,-0.616981) (0.35081,-0.593973) (0.272438,-0.629568) (0.200306,-0.572536) (0.174272,-0.537904) (0.112108,-0.460816) (0.0765348,-0.421275) (0.0813526,-0.335504) (0.082393,-0.294861) (0.0421755,-0.251393) (0.0613175,-0.23064) (0.0583751,-0.192825) (0.0583902,-0.141402) (0.0446946,-0.115716) (1,0) (1,0) (1,0) (1,0) (1,0)]},
{1065342000 32657 29413624 1085853 140262209178276 -0.000440013 32657}]
[
CSI_Start,
{0 0 #[(1,0) (1,0) (1,0) (1,0) (1,0) (1,0) (-0.11037,0.355514) (-0.152974,0.386851) (-0.229958,0.468631) (-0.262081,0.536339) (-0.400192,0.623252) (-0.422629,0.689781) (-0.537901,0.786822) (-0.625705,0.947345) (-0.647115,1.1016) (-0.708036,1.33002) (-0.642902,1.4792) (-0.58032,1.65358) (-0.459987,1.78091) (-0.349783,1.86854) (-0.258936,1.86757) (-0.12998,1.96495) (-0.0810121,1.9049) (-0.0905764,1.91872) (-0.0525081,1.91876) (-0.0552121,1.88852) (-0.0857488,1.8951) (-0.0396283,1.93528) (-0.0397867,1.91572) (-0.0892687,1.86679) (-0.108903,1.9239) (-0.0684419,1.84899) (1,0) (-0.137955,1.86705) (-0.112962,1.94624) (-0.146105,1.86442) (-0.115888,1.87498) (-0.14737,1.79627) (-0.166872,1.83395) (-0.169261,1.8166) (-0.17484,1.83036) (-0.119814,1.7929) (-0.111374,1.88069) (-0.0600358,1.80927) (0.0164444,1.81717) (0.102123,1.78168) (0.171168,1.67699) (0.350176,1.60372) (0.461159,1.40286) (0.428209,1.26654) (0.448119,1.0697) (0.440817,0.90692) (0.347943,0.785541) (0.330825,0.67914) (0.247705,0.560987) (0.211806,0.484861) (0.161983,0.421375) (0.113582,0.347385) (0.0882413,0.29929) (1,0) (1,0) (1,0) (1,0) (1,0)]},
{1065342000 32657 29413624 17760949 140262209178276 -0.0010261 32657}]
[
CSI_Start,
{0 0 #[(1,0) (1,0) (1,0) (1,0) (1,0) (1,0) (-0.176376,-0.189729) (-0.185223,-0.244551) (-0.208427,-0.297327) (-0.213726,-0.375347) (-0.206902,-0.472922) (-0.212524,-0.598203) (-0.24254,-0.631232) (-0.214848,-0.803233) (-0.342311,-0.934512) (-0.348202,-1.02154) (-0.3039,-1.14835) (-0.462105,-1.22337) (-0.561319,-1.27833) (-0.624265,-1.30981) (-0.626485,-1.3471) (-0.701142,-1.29396) (-0.805182,-1.28522) (-0.583772,-1.34476) (-0.613827,-1.35641) (-0.551836,-1.35122) (-0.44928,-1.38134) (-0.451958,-1.35991) (-0.353342,-1.4187) (-0.315747,-1.44147) (-0.269357,-1.4628) (-0.255534,-1.44554) (1,0) (-0.124666,-1.5403) (-0.0141979,-1.51593) (0.0447314,-1.51198) (0.0961764,-1.48005) (0.198987,-1.45431) (0.272005,-1.47821) (0.295416,-1.46637) (0.357024,-1.47057) (0.385963,-1.45681) (0.413446,-1.46453) (0.38088,-1.45902) (0.386688,-1.45987) (0.356514,-1.37922) (0.289765,-1.43948) (0.208278,-1.31636) (0.140649,-1.22526) (0.0761568,-1.10584) (0.10286,-0.997431) (0.0854854,-0.808201) (0.117206,-0.745612) (0.0863503,-0.627758) (0.167666,-0.524317) (0.116494,-0.438769) (0.122324,-0.343975) (0.116015,-0.287742) (0.121899,-0.228418) (1,0) (1,0) (1,0) (1,0) (1,0)]},
{1065342000 32657 29413624 19604918 140262209178276 0.000128731 32657}]
[
CSI_Start,
{0 0 #[(1,0) (1,0) (1,0) (1,0) (1,0) (1,0) (-0.264572,-0.0526317) (-0.309048,-0.0855087) (-0.389467,-0.0732651) (-0.433179,-0.130286) (-0.505433,-0.239544) (-0.586293,-0.320841) (-0.621419,-0.33095) (-0.726861,-0.471911) (-0.843683,-0.481281) (-1.008,-0.575112) (-1.07766,-0.599809) (-1.21071,-0.587813) (-1.27326,-0.556976) (-1.35194,-0.534901) (-1.36341,-0.525943) (-1.40757,-0.510709) (-1.42205,-0.507267) (-1.38033,-0.568115) (-1.33304,-0.60608) (-1.34372,-0.630339) (-1.27733,-0.713297) (-1.28824,-0.759792) (-1.23683,-0.80877) (-1.16071,-0.831826) (-1.17287,-0.8922) (-1.11216,-0.923687) (1,0) (-1.02864,-1.03368) (-1.03792,-1.08401) (-0.966892,-1.09044) (-0.940485,-1.12754) (-0.830868,-1.14654) (-0.800789,-1.24297) (-0.716944,-1.23189) (-0.70876,-1.2961) (-0.651043,-1.25537) (-0.648996,-1.31251) (-0.668623,-1.31273) (-0.634734,-1.32028) (-0.628735,-1.26768) (-0.604653,-1.22794) (-0.674197,-1.08673) (-0.677071,-0.970099) (-0.593123,-0.907381) (-0.52588,-0.771913) (-0.486767,-0.649307) (-0.38924,-0.599608) (-0.319558,-0.487577) (-0.2047,-0.460535) (-0.18833,-0.404761) (-0.138892,-0.309956) (-0.0882024,-0.278318) (-0.0724072,-0.2186) (1,0) (1,0) (1,0) (1,0) (1,0)]},
{1065342000 32657 29413624 21238774 140262209178276 6.25564e-05 32657}]
[
CSI_Start,
{0 0 #[(1,0) (1,0) (1,0) (1,0) (1,0) (1,0) (0.154992,0.250381) (0.170552,0.286467) (0.212154,0.332959) (0.250523,0.412602) (0.316581,0.530506) (0.358879,0.584037) (0.446065,0.65658) (0.584623,0.754612) (0.7409,0.814637) (0.937426,0.857912) (1.1422,0.777105) (1.32504,0.707511) (1.46764,0.570767) (1.61028,0.401222) (1.6656,0.251139) (1.70421,0.108767) (1.70028,-0.0124646) (1.71435,-0.124807) (1.67608,-0.249346) (1.68557,-0.287341) (1.67003,-0.355312) (1.66388,-0.477643) (1.67148,-0.541091) (1.60219,-0.611646) (1.61917,-0.692532) (1.55561,-0.775549) (1,0) (1.52084,-0.901416) (1.47897,-1.01042) (1.41083,-1.04594) (1.37768,-1.11622) (1.29838,-1.13528) (1.26841,-1.19704) (1.22126,-1.27685) (1.14085,-1.33531) (1.07176,-1.40555) (0.958633,-1.48515) (0.824868,-1.56033) (0.708478,-1.60892) (0.51465,-1.65842) (0.33437,-1.63424) (0.08607,-1.58766) (-0.0956267,-1.47754) (-0.2102,-1.32249) (-0.334987,-1.09594) (-0.338055,-0.929879) (-0.354576,-0.803777) (-0.325121,-0.672984) (-0.293183,-0.567457) (-0.263258,-0.448211) (-0.206375,-0.381111) (-0.183415,-0.319778) (-0.142537,-0.26703) (1,0) (1,0) (1,0) (1,0) (1,0)]},
{1065342000 32657 29413624 26037426 140262209178276 0.000140032 32657}]
[
CSI_Start,
{0 0 #[(1,0) (1,0) (1,0) (1,0) (1,0) (1,0) (-0.144944,-0.189772) (-0.0787624,-0.310131) (-0.111998,-0.380291) (-0.172533,-0.46885) (-0.258913,-0.50825) (-0.20875,-0.608397) (-0.219183,-0.660356) (-0.310687,-0.845567) (-0.463732,-0.908143) (-0.604081,-0.977647) (-0.72327,-1.09742) (-0.924411,-1.06577) (-1.03718,-1.0237) (-1.23851,-0.94186) (-1.21598,-0.855278) (-1.35566,-0.740552) (-1.41627,-0.676595) (-1.43867,-0.642458) (-1.46874,-0.607599) (-1.45503,-0.57995) (-1.47537,-0.593055) (-1.51362,-0.507673) (-1.53071,-0.492133) (-1.55155,-0.450057) (-1.58151,-0.423877) (-1.56255,-0.376017) (1,0) (-1.58789,-0.333226) (-1.63112,-0.275601) (-1.57692,-0.23951) (-1.63753,-0.207647) (-1.58296,-0.217302) (-1.6087,-0.166018) (-1.61325,-0.134973) (-1.60172,-0.0950232) (-1.62752,-0.0101812) (-1.62949,0.0537559) (-1.60529,0.162537) (-1.5909,0.259341) (-1.57029,0.392449) (-1.48744,0.467652) (-1.31231,0.604102) (-1.15399,0.691848) (-1.01636,0.680523) (-0.813409,0.70113) (-0.678959,0.618923) (-0.567021,0.581535) (-0.47233,0.487432) (-0.421546,0.40863) (-0.345704,0.353885) (-0.29989,0.284632) (-0.26225,0.242582) (-0.192637,0.185844) (1,0) (1,0) (1,0) (1,0) (1,0)]},
{1065342000 32657 29413624 27994535 140262209178276 -4.40554e-05 32657}]
[
CSI_Start,
{0 0 #[(1,0) (1,0) (1,0) (1,0) (1,0) (1,0) (0.160014,-0.174844) (0.211865,-0.202508) (0.287971,-0.223784) (0.324208,-0.257228) (0.435753,-0.291758) (0.509932,-0.305059) (0.553578,-0.375289) (0.646973,-0.446909) (0.699746,-0.558689) (0.824286,-0.667787) (0.845712,-0.765401) (0.848989,-0.895031) (0.823364,-0.982267) (0.794865,-1.08205) (0.716675,-1.13132) (0.703039,-1.22324) (0.637208,-1.20362) (0.659239,-1.20885) (0.630798,-1.18761) (0.603245,-1.23864) (0.618242,-1.22118) (0.616166,-1.19111) (0.666674,-1.22001) (0.67149,-1.17968) (0.686329,-1.19452) (0.67181,-1.19338) (1,0) (0.644064,-1.15133) (0.696136,-1.21705) (0.704514,-1.16979) (0.722197,-1.17318) (0.723445,-1.16346) (0.714165,-1.19663) (0.701319,-1.17594) (0.729224,-1.18369) (0.672405,-1.17017) (0.713182,-1.22435) (0.680294,-1.21945) (0.675101,-1.20976) (0.550888,-1.21092) (0.462201,-1.18114) (0.3164,-1.21768) (0.214289,-1.13543) (0.155917,-1.03192) (0.0892949,-0.905047) (0.00164422,-0.814976) (-0.010353,-0.67987) (-0.00954641,-0.599936) (0.0412878,-0.501368) (0.0314333,-0.455585) (0.0649276,-0.349076) (0.0464782,-0.2875) (0.0448193,-0.253664) (1,0) (1,0) (1,0) (1,0) (1,0)]},
{1065342000 32657 29413624 29886888 140262209178276 -0.000476297 32657}]
[
CSI_Start,
{0 0 #[(1,0) (1,0) (1,0) (1,0) (1,0) (1,0) (0.188237,0.0619134) (0.208909,0.124606) (0.254104,0.162753) (0.287692,0.189868) (0.352488,0.225117) (0.396308,0.267301) (0.457585,0.275334) (0.564564,0.332345) (0.631586,0.323227) (0.800984,0.335297) (0.892906,0.286731) (0.979912,0.208) (1.03408,0.134958) (1.07118,0.0406428) (1.09273,-0.060986) (1.11492,-0.12141) (1.08932,-0.173564) (1.10679,-0.209248) (1.08426,-0.21894) (1.12307,-0.251855) (1.06233,-0.262197) (1.08578,-0.27594) (1.06964,-0.316226) (1.05957,-0.325387) (1.05601,-0.353971) (1.02959,-0.352334) (1,0) (1.03608,-0.385205) (1.05431,-0.415199) (1.0332,-0.411811) (1.04613,-0.467877) (1.01315,-0.450089) (1.05485,-0.457877) (1.03582,-0.450141) (1.04418,-0.47653) (0.984336,-0.543994) (1.00455,-0.592376) (0.967403,-0.651103) (0.917349,-0.709531) (0.837055,-0.728559) (0.74937,-0.748925) (0.621645,-0.822823) (0.496299,-0.822722) (0.396168,-0.783129) (0.284059,-0.702834) (0.24048,-0.612782) (0.180447,-0.530842) (0.122351,-0.48538) (0.128927,-0.38971) (0.104074,-0.348589) (0.0925743,-0.279048) (0.0749891,-0.243955) (0.0726563,-0.195473) (1,0) (1,0) (1,0) (1,0) (1,0)]},
{1065342000 32657 29413624 32573603 140262209178276 -0.000391727 32657}]
[
CSI_Start,
{0 0 #[(1,0) (1,0) (1,0) (1,0) (1,0) (1,0) (0.208622,0.0226185) (0.260177,0.0447883) (0.289405,0.102312) (0.347253,0.101521) (0.382389,0.135144) (0.48006,0.162965) (0.521335,0.172521) (0.650478,0.190769) (0.762114,0.169531) (0.8481,0.145216) (0.997552,0.14683) (1.00823,-0.0156922) (1.08949,-0.103572) (1.14131,-0.197966) (1.09195,-0.28379) (1.11124,-0.376234) (1.08111,-0.400918) (1.08293,-0.437582) (1.07509,-0.443119) (1.05181,-0.492422) (1.03453,-0.467677) (1.03907,-0.54716) (1.04563,-0.545276) (1.05077,-0.530445) (1.04106,-0.544798) (1.00218,-0.564753) (1,0) (0.996742,-0.602098) (1.02644,-0.580921) (1.02584,-0.593471) (0.983522,-0.632405) (0.983241,-0.636012) (0.990143,-0.642921) (0.981001,-0.649588) (0.960022,-0.704244) (0.924401,-0.745615) (0.928933,-0.747478) (0.914102,-0.795385) (0.872349,-0.821113) (0.780113,-0.892189) (0.680736,-0.917775) (0.566514,-0.938455) (0.41576,-0.911445) (0.320746,-0.834044) (0.222746,-0.76754) (0.131055,-0.65733) (0.100075,-0.579628) (0.0784565,-0.513414) (0.0784806,-0.430774) (0.0867043,-0.343669) (0.076503,-0.303286) (0.0580157,-0.239541) (0.0589073,-0.180012) (1,0) (1,0) (1,0) (1,0) (1,0)]},
{1065342000 32657 0 32592671 0 2.44856e-05 32657},
{35 0.106819}]
[
CSI_Start,
{0 0 #[(1,0) (1,0) (1,0) (1,0) (1,0) (1,0) (-0.221913,0.0774549) (-0.250082,0.0945742) (-0.310157,0.111252) (-0.382166,0.125089) (-0.45356,0.149068) (-0.534034,0.159833) (-0.58446,0.19718) (-0.712178,0.268855) (-0.771132,0.350319) (-0.877772,0.489697) (-0.884616,0.589041) (-0.88363,0.739161) (-0.855963,0.871433) (-0.788261,0.98801) (-0.718019,1.05038) (-0.641272,1.11162) (-0.568571,1.1186) (-0.537475,1.1362) (-0.491786,1.16576) (-0.454614,1.19196) (-0.431127,1.19664) (-0.38607,1.1788) (-0.357333,1.20685) (-0.34438,1.21293) (-0.320949,1.22476) (-0.293308,1.19947) (1,0) (-0.226293,1.20203) (-0.248159,1.25223) (-0.207657,1.22546) (-0.158979,1.25513) (-0.143859,1.21125) (-0.1432,1.2616) (-0.0976539,1.27366) (-0.0758563,1.26061) (0.0166943,1.25169) (0.0453833,1.27354) (0.0903645,1.27028) (0.183876,1.2403) (0.288704,1.19582) (0.367915,1.12683) (0.477802,1.04496) (0.546968,0.899685) (0.526851,0.76735) (0.534653,0.626534) (0.514373,0.536933) (0.464713,0.434559) (0.420162,0.369487) (0.329716,0.3245) (0.265586,0.279416) (0.240334,0.243081) (0.177208,0.215292) (0.15601,0.16575) (1,0) (1,0) (1,0) (1,0) (1,0)]},
{1065342000 32657 29413624 35618610 140262209178276 3.69747e-06 32657}]
[
CSI_Start,
{0 0 #[(1,0) (1,0) (1,0) (1,0) (1,0) (1,0) (0.144241,0.172191) (0.152253,0.200955) (0.197684,0.248161) (0.197733,0.292074) (0.228482,0.371409) (0.249307,0.45162) (0.297055,0.506936) (0.32694,0.650685) (0.420252,0.726033) (0.493417,0.808136) (0.593652,0.860537) (0.704927,0.891267) (0.810831,0.880651) (0.895132,0.869616) (0.932043,0.849699) (0.999717,0.809214) (0.980473,0.797591) (1.00489,0.789563) (0.983881,0.807184) (0.997415,0.811663) (0.95569,0.852842) (0.977314,0.841461) (0.946872,0.861866) (0.939122,0.879845) (0.936221,0.902504) (0.939054,0.889914) (1,0) (0.889869,0.932538) (0.910306,0.974889) (0.864237,0.976581) (0.876019,0.980808) (0.828928,1.00223) (0.823815,1.02878) (0.788938,1.0342) (0.796038,1.04541) (0.807397,1.00862) (0.825604,1.04821) (0.855174,1.02745) (0.854385,0.989745) (0.896334,0.957003) (0.874446,0.871869) (0.923871,0.73736) (0.904921,0.618773) (0.827074,0.537809) (0.751732,0.425724) (0.663328,0.367418) (0.561534,0.308369) (0.492994,0.256866) (0.384773,0.251286) (0.337793,0.225471) (0.283825,0.209015) (0.208425,0.187267) (0.164117,0.154677) (1,0) (1,0) (1,0) (1,0) (1,0)]},
{1065342000 32657 29413624 37723952 140262209178276 -1.99901e-05 32657}]
[
CSI_Start,
{0 0 #[(1,0) (1,0) (1,0) (1,0) (1,0) (1,0) (-0.203784,-0.130644) (-0.246816,-0.1695) (-0.284371,-0.192201) (-0.339833,-0.234068) (-0.400613,-0.295523) (-0.519367,-0.32148) (-0.600389,-0.376355) (-0.710582,-0.398119) (-0.84601,-0.402548) (-1.00629,-0.391234) (-1.13402,-0.323361) (-1.28308,-0.206631) (-1.3558,-0.0642135) (-1.42234,0.082492) (-1.43101,0.19885) (-1.43544,0.343308) (-1.38638,0.417272) (-1.34704,0.471602) (-1.38468,0.561228) (-1.31629,0.587568) (-1.33261,0.665828) (-1.30348,0.705117) (-1.28801,0.73507) (-1.25852,0.742214) (-1.25731,0.809998) (-1.21054,0.832192) (1,0) (-1.15178,0.921347) (-1.13635,0.984888) (-1.11514,0.980284) (-1.11046,1.02627) (-1.04873,1.02836) (-1.01066,1.10304) (-0.984556,1.09079) (-0.932324,1.16528) (-0.870846,1.21221) (-0.836105,1.24901) (-0.756091,1.29837) (-0.638032,1.31026) (-0.536248,1.37912) (-0.37791,1.33457) (-0.181268,1.32341) (-0.0301697,1.22384) (0.0508098,1.11009) (0.147545,0.945684) (0.190956,0.826005) (0.172003,0.712927) (0.199133,0.58865) (0.156639,0.496518) (0.146835,0.442473) (0.0988749,0.355186) (0.0875055,0.298478) (0.0474607,0.263168) (1,0) (1,0) (1,0) (1,0) (1,0)]},
{1065342000 32657 29413624 38459133 140262209178276 -0.000597443 32657}]
[
CSI_Start,
{0 0 #[(1,0) (1,0) (1,0) (1,0) (1,0) (1,0) (0.0211407,0.223446) (0.00296285,0.249545) (-0.0201894,0.328046) (-0.0251259,0.359914) (-0.0478787,0.466982) (-0.0579516,0.517617) (-0.0303127,0.62661) (-0.0497293,0.713064) (0.0160927,0.840195) (0.0697879,0.976202) (0.18628,1.07717) (0.325271,1.12654) (0.455127,1.15453) (0.571557,1.16582) (0.654554,1.07481) (0.777597,1.09493) (0.822287,1.01517) (0.872312,1.02976) (0.9092,0.981783) (0.916327,0.946769) (0.972609,0.970288) (0.976451,0.902195) (1.02867,0.937454) (1.03373,0.887998) (1.07754,0.860075) (1.08635,0.824107) (1,0) (1.11453,0.772646) (1.17466,0.82752) (1.12735,0.744915) (1.2297,0.718269) (1.16126,0.68519) (1.22886,0.680248) (1.23465,0.618259) (1.23535,0.621215) (1.29936,0.534167) (1.33314,0.503486) (1.33762,0.432126) (1.34295,0.343351) (1.35271,0.246125) (1.298,0.10198) (1.29238,-0.0519867) (1.152,-0.180601) (1.04217,-0.229486) (0.852636,-0.28906) (0.768701,-0.316747) (0.633208,-0.285589) (0.533753,-0.262627) (0.462293,-0.203015) (0.404662,-0.193653) (0.340702,-0.135864) (0.282183,-0.108322) (0.214256,-0.0785159) (1,0) (1,0) (1,0) (1,0) (1,0)]},
{1065342000 32657 29413624 40159561 140262209178276 0.000200137 32657}]
[
CSI_Start,
{0 0 #[(1,0) (1,0) (1,0) (1,0) (1,0) (1,0) (0.00617244,0.290835) (-0.0436684,0.323645) (-0.0206811,0.377139) (-0.0687788,0.43371) (-0.160785,0.566657) (-0.227549,0.639209) (-0.243273,0.741926) (-0.32792,0.862833) (-0.347313,0.973195) (-0.429258,1.12374) (-0.430801,1.24655) (-0.403271,1.3768) (-0.404844,1.45767) (-0.38597,1.51386) (-0.343734,1.51062) (-0.301828,1.57102) (-0.302166,1.59665) (-0.373267,1.56453) (-0.435842,1.53801) (-0.450476,1.56969) (-0.514427,1.46584) (-0.555913,1.50203) (-0.642793,1.44071) (-0.734703,1.41221) (-0.813425,1.38531) (-0.830839,1.35683) (1,0) (-0.929456,1.27663) (-0.986756,1.27362) (-1.05434,1.22601) (-1.08833,1.1726) (-1.18462,1.0912) (-1.19506,1.0915) (-1.22911,0.973482) (-1.31626,0.975588) (-1.33227,0.969946) (-1.29152,0.963333) (-1.38526,1.15282) (-1.29985,0.788626) (-1.84125,1.18442) (-1.33034,0.833106) (-1.22014,0.919142) (-0.985211,0.850636) (-0.953025,0.783929) (-0.790461,0.691264) (-0.688512,0.651372) (-0.603654,0.534866) (-0.485904,0.430244) (-0.49223,0.292036) (-0.40869,0.280595) (-0.335709,0.206393) (-0.30031,0.135318) (-0.268536,0.107599) (1,0) (1,0) (1,0) (1,0) (1,0)]},
{1065342000 32657 29413624 41215089 140262209178276 0.000507743 32657}]
[
CSI_Start,
{0 0 #[(1,0) (1,0) (1,0) (1,0) (1,0) (1,0) (0.0805788,0.242003) (0.15324,0.20988) (0.0522062,0.216641) (0.352038,0.140355) (0.0292861,0.475533) (0.296762,0.574393) (0.354062,0.556184) (0.2992,0.872594) (0.576971,0.692486) (0.222531,1.16257) (0.381159,0.934126) (0.698802,0.901378) (0.840065,0.929569) (0.929735,0.759184) (1.29999,0.446954) (0.601172,1.07858) (1.12458,0.275026) (0.772182,0.931833) (1.31855,0.47642) (1.16563,0.738155) (1.27887,0.905003) (1.27571,0.710886) (1.04548,1.14198) (0.833185,0.696343) (1.10896,0.530858) (1.27595,0.550087) (1,0) (1.3983,0.454252) (0.790491,1.13751) (1.06713,0.391587) (0.808365,0.860947) (1.30886,0.301655) (1.11079,0.921872) (1.38937,0.783148) (1.08608,1.08775) (1.49249,0.763539) (1.05244,1.17685) (0.661519,0.674095) (1.17536,0.368396) (1.09179,0.528015) (1.0791,-0.185573) (0.824046,0.800364) (1.07062,-0.239805) (0.787904,0.176731) (0.958058,-0.244093) (0.902972,0.092946) (0.768185,-0.133513) (0.63809,0.0556323) (0.522257,-0.116376) (0.403208,0.169384) (0.277437,0.0791002) (0.270864,0.0684838) (0.193155,0.0310527) (1,0) (1,0) (1,0) (1,0) (1,0)]},
{1065342000 32657 29413624 42106866 140262209178276 0.000541077 32657},
{#f 29081776 1.99915}]
[
CSI_Start,
{0 0 #[(1,0) (1,0) (1,0) (1,0) (1,0) (1,0) (-0.235979,-0.0609949) (-0.26546,-0.105442) (-0.304048,-0.158048) (-0.355182,-0.149478) (-0.446556,-0.228263) (-0.525115,-0.242793) (-0.567866,-0.303708) (-0.719607,-0.357499) (-0.823643,-0.339186) (-0.994191,-0.340909) (-1.07024,-0.303379) (-1.16587,-0.158839) (-1.29071,-0.0941039) (-1.32887,0.00662661) (-1.34113,0.0883231) (-1.32104,0.206782) (-1.35939,0.229295) (-1.38266,0.311884) (-1.3409,0.308252) (-1.33523,0.33102) (-1.27747,0.309895) (-1.23827,0.3632) (-1.3933,0.418926) (-1.33371,0.410709) (-1.32574,0.40798) (-1.33036,0.444217) (1,0) (-1.30484,0.48377) (-1.36057,0.506389) (-1.3237,0.489967) (-1.31401,0.550063) (-1.24251,0.540466) (-1.30788,0.524723) (-1.28114,0.550412) (-1.30874,0.562393) (-1.22454,0.617919) (-1.28972,0.660304) (-1.22624,0.738009) (-1.13744,0.744671) (-1.0546,0.75717) (-0.89655,0.84346) (-0.873485,0.977012) (-0.664136,0.923819) (-0.578094,0.866012) (-0.427071,0.822392) (-0.363352,0.683825) (-0.259066,0.596723) (-0.247432,0.53214) (-0.222471,0.432665) (-0.173655,0.413581) (-0.175798,0.324127) (-0.139612,0.265694) (-0.139238,0.206876) (1,0) (1,0) (1,0) (1,0) (1,0)]},
{1065342000 32657 29413624 43383986 140262209178276 -0.000959875 32657},
{46 0.735584}]
[
CSI_Start,
{0 0 #[(1,0) (1,0) (1,0) (1,0) (1,0) (1,0) (0.142834,0.255458) (0.15198,0.344625) (0.164942,0.375991) (0.175518,0.467382) (0.203695,0.58538) (0.18161,0.659998) (0.319666,0.801111) (0.288435,0.92517) (0.405029,1.03488) (0.418303,1.18677) (0.583353,1.16837) (0.817294,1.32099) (1.00769,1.20861) (1.14945,1.2487) (1.16519,1.1666) (1.21384,1.06544) (1.29096,1.11826) (1.32736,1.11838) (1.23636,1.23449) (1.34596,1.06813) (1.33731,1.09055) (1.34639,1.0718) (1.35497,1.09053) (1.35756,0.947647) (1.39992,1.06293) (1.3449,1.01316) (1,0) (1.35158,1.08781) (1.35872,1.11827) (1.3349,1.08671) (1.37166,0.998387) (1.35207,0.967633) (1.33779,1.01816) (1.34072,1.09748) (1.41419,1.07852) (1.40179,0.951746) (1.45354,1.0424) (1.44265,1.00015) (1.39505,0.951563) (1.39369,0.785708) (1.47362,0.696144) (1.48028,0.509961) (1.3459,0.376154) (1.19443,0.212091) (1.14565,0.200473) (0.925326,0.12046) (0.849792,0.0858848) (0.709582,0.0240164) (0.612352,0.0828253) (0.538473,0.054226) (0.437205,0.0729198) (0.363119,0.0671151) (0.334524,0.0839662) (1,0) (1,0) (1,0) (1,0) (1,0)]},
{1065342000 32657 29413624 45095960 140262209178276 0.000337813 32657},
{48 0.538128}]
[
CSI_Start,
{0 0 #[(1,0) (1,0) (1,0) (1,0) (1,0) (1,0) (0.161883,-0.207844) (0.204783,-0.233712) (0.255661,-0.260719) (0.316398,-0.320169) (0.428238,-0.363417) (0.483517,-0.412793) (0.550563,-0.484658) (0.674523,-0.579596) (0.73496,-0.706805) (0.802411,-0.871458) (0.7889,-0.993497) (0.751523,-1.17191) (0.718095,-1.29206) (0.621384,-1.41443) (0.566179,-1.43233) (0.467054,-1.50392) (0.385472,-1.51694) (0.383074,-1.51466) (0.343942,-1.52562) (0.330149,-1.51707) (0.38296,-1.55463) (0.334901,-1.58453) (0.311544,-1.5805) (0.289255,-1.56795) (0.288973,-1.56676) (0.282,-1.57019) (1,0) (0.303095,-1.58305) (0.251267,-1.62947) (0.282945,-1.56779) (0.258924,-1.6273) (0.251901,-1.564) (0.2273,-1.5889) (0.267848,-1.59019) (0.259313,-1.61401) (0.177066,-1.61564) (0.138804,-1.63651) (0.0393915,-1.60885) (-0.0174932,-1.6147) (-0.123344,-1.62523) (-0.182353,-1.51673) (-0.363083,-1.41221) (-0.446747,-1.26409) (-0.441168,-1.12165) (-0.471709,-0.956413) (-0.422861,-0.816727) (-0.371345,-0.706392) (-0.352809,-0.585049) (-0.261409,-0.507145) (-0.25891,-0.446503) (-0.190541,-0.36711) (-0.146913,-0.290346) (-0.103524,-0.272902) (1,0) (1,0) (1,0) (1,0) (1,0)]},
{1065342000 32657 29413624 46464110 140262209178276 1.45176e-06 32657}]
[
CSI_Start,
{0 0 #[(1,0) (1,0) (1,0) (1,0) (1,0) (1,0) (0.0765258,-0.202474) (0.00951344,-0.260868) (0.0756413,-0.227398) (-0.0628159,-0.364499) (0.316604,-0.286143) (0.232806,-0.458417) (0.305515,-0.568039) (0.581614,-0.621353) (0.355,-0.837721) (0.833161,-0.691593) (0.662698,-0.591027) (0.459428,-0.856081) (0.60039,-1.00592) (0.400066,-0.875652) (0.0630438,-1.30049) (0.811814,-0.737115) (0.238976,-1.16813) (0.780489,-0.862903) (0.468733,-1.13118) (0.873514,-1.02871) (0.982851,-1.11968) (0.901719,-1.17343) (1.13618,-0.821641) (0.858006,-0.599974) (0.617809,-0.839025) (0.844763,-1.0012) (1,0) (0.85173,-1.11649) (1.20539,-0.177301) (0.945556,-0.666541) (1.17636,-0.284227) (0.946005,-0.655453) (1.41216,-0.0146382) (1.4927,-0.43642) (1.60857,-0.131376) (1.3479,-0.628014) (1.2982,0.206267) (1.14938,0.0456956) (1.08958,-0.0239611) (0.968723,-0.240471) (1.0834,-0.594227) (1.11088,0.105654) (0.928162,-0.376994) (0.913529,0.0186689) (0.699968,-0.333978) (0.806933,0.00832302) (0.763521,-0.116747) (0.701836,-0.0748816) (0.496672,-0.135432) (0.375746,0.0639514) (0.312399,0.0495354) (0.248966,0.0125762) (0.219537,-0.0242527) (1,0) (1,0) (1,0) (1,0) (1,0)]},
{1065342000 32657 29413624 47266518 140262209178276 0.00023509 32657},
{#f 29081776 1.99915}]
[
CSI_Start,
{0 0 #[(1,0) (1,0) (1,0) (1,0) (1,0) (1,0) (-0.156109,0.213811) (-0.199735,0.222461) (-0.246546,0.242509) (-0.293569,0.270675) (-0.394852,0.325674) (-0.479832,0.368486) (-0.53479,0.438694) (-0.6327,0.512582) (-0.675842,0.621677) (-0.747023,0.767585) (-0.745458,0.920385) (-0.747247,1.0559) (-0.690619,1.1412) (-0.599254,1.23415) (-0.559734,1.28835) (-0.47471,1.34229) (-0.442474,1.35309) (-0.422476,1.36587) (-0.384739,1.35891) (-0.389396,1.35053) (-0.420367,1.35044) (-0.406662,1.37206) (-0.392477,1.37092) (-0.363696,1.38644) (-0.378686,1.35441) (-0.354171,1.38653) (1,0) (-0.4043,1.38917) (-0.375673,1.36446) (-0.401643,1.37905) (-0.376643,1.38826) (-0.37791,1.34264) (-0.392738,1.38323) (-0.390367,1.35958) (-0.407079,1.37585) (-0.348514,1.38713) (-0.318488,1.40355) (-0.28527,1.40068) (-0.229192,1.39505) (-0.149993,1.40375) (-0.0611092,1.34795) (0.0989194,1.28578) (0.176034,1.16618) (0.212486,1.0642) (0.244086,0.901772) (0.260682,0.785273) (0.204643,0.681656) (0.198588,0.579253) (0.158934,0.506978) (0.138668,0.421747) (0.100351,0.369477) (0.0821983,0.287981) (0.0196269,0.238515) (1,0) (1,0) (1,0) (1,0) (1,0)]},
{1065342000 32657 29413624 49529302 140262209178276 0.00114919 32657}]
[
CSI_Start,
{0 0 #[(1,0) (1,0) (1,0) (1,0) (1,0) (1,0) (-0.277188,-0.0381819) (-0.314751,-0.0953129) (-0.416404,-0.0911857) (-0.450699,-0.161065) (-0.510303,-0.296066) (-0.566815,-0.35343) (-0.676328,-0.385278) (-0.769376,-0.548723) (-0.889059,-0.53462) (-0.954237,-0.7121) (-1.05029,-0.748765) (-1.17832,-0.810408) (-1.24591,-0.816053) (-1.30977,-0.781864) (-1.3434,-0.768795) (-1.41155,-0.712633) (-1.36645,-0.724046) (-1.31307,-0.819692) (-1.26425,-0.858093) (-1.30455,-0.865812) (-1.22536,-0.922832) (-1.21864,-0.981825) (-1.12259,-1.04842) (-1.04723,-1.12593) (-0.958363,-1.20841) (-0.89888,-1.23228) (1,0) (-0.828257,-1.3163) (-0.754501,-1.36339) (-0.711546,-1.39355) (-0.601446,-1.41503) (-0.522961,-1.39842) (-0.533432,-1.47421) (-0.40434,-1.45743) (-0.363671,-1.51858) (-0.309462,-1.48417) (-0.25487,-1.54748) (-0.175293,-1.58451) (-0.147996,-1.52527) (-0.165615,-1.52615) (-0.187154,-1.46827) (-0.297871,-1.34985) (-0.313779,-1.22171) (-0.257371,-1.14892) (-0.244874,-1.00831) (-0.255167,-0.828559) (-0.150231,-0.759084) (-0.140317,-0.605693) (-0.0368827,-0.563224) (-0.0417074,-0.47599) (0.0319808,-0.374846) (0.0303756,-0.328555) (0.0424474,-0.278085) (1,0) (1,0) (1,0) (1,0) (1,0)]},
{1065342000 32657 29413624 52987308 140262209178276 0.000636783 32657},
{57 0.15621}]
[
CSI_Start,
{0 0 #[(1,0) (1,0) (1,0) (1,0) (1,0) (1,0) (0.196109,0.164434) (0.213573,0.209672) (0.262128,0.287953) (0.262105,0.332966) (0.284814,0.45599) (0.318066,0.534761) (0.377045,0.602307) (0.418498,0.720809) (0.500911,0.772931) (0.60617,0.908379) (0.716906,0.933414) (0.82875,0.964719) (0.954338,0.97316) (1.04965,0.929057) (1.05765,0.908458) (1.15909,0.836154) (1.15619,0.835843) (1.16715,0.849608) (1.13593,0.846818) (1.14114,0.834162) (1.10713,0.847998) (1.1394,0.852071) (1.09672,0.912573) (1.0779,0.927154) (1.05274,0.960999) (1.03109,0.937752) (1,0) (1.0057,0.991037) (1.01266,1.05467) (0.96471,1.03797) (0.968343,1.05009) (0.900675,1.03158) (0.914395,1.06682) (0.861685,1.08513) (0.876255,1.1231) (0.898086,1.0949) (0.909553,1.10802) (0.906695,1.09914) (0.923742,1.05579) (0.956686,1.02062) (0.972166,0.927309) (1.02341,0.798024) (0.969315,0.663502) (0.886965,0.618264) (0.818023,0.500167) (0.71188,0.386864) (0.605194,0.351144) (0.51409,0.281844) (0.41647,0.290876) (0.379229,0.252039) (0.286424,0.20762) (0.257284,0.183426) (0.185037,0.184575) (1,0) (1,0) (1,0) (1,0) (1,0)]},
{1065342000 32657 29413624 55206036 140262209178276 0.000779404 32657}]
[
CSI_Start,
{0 0 #[(1,0) (1,0) (1,0) (1,0) (1,0) (1,0) (0.18385,0.0424258) (0.23796,0.0655881) (0.271198,0.0896754) (0.286401,0.0986939) (0.404643,0.147378) (0.480183,0.202385) (0.535463,0.183319) (0.61627,0.235024) (0.710989,0.248528) (0.817491,0.255455) (0.975356,0.206594) (1.02561,0.118496) (1.07817,0.0618562) (1.09242,-0.01272) (1.13753,-0.101357) (1.14658,-0.139028) (1.14075,-0.199358) (1.12941,-0.232555) (1.12276,-0.166444) (1.1312,-0.214592) (1.05337,-0.21233) (1.09899,-0.196963) (1.13167,-0.203091) (1.13112,-0.215799) (1.13525,-0.207168) (1.12536,-0.20673) (1,0) (1.10589,-0.225093) (1.13083,-0.157046) (1.13544,-0.184871) (1.11297,-0.192534) (1.1288,-0.191955) (1.12283,-0.161529) (1.13258,-0.166152) (1.1195,-0.148721) (1.12244,-0.203474) (1.11935,-0.230683) (1.13642,-0.290114) (1.01181,-0.252959) (1.07448,-0.341811) (1.01144,-0.393913) (0.927816,-0.441557) (0.804294,-0.506459) (0.714048,-0.494848) (0.600071,-0.491159) (0.500086,-0.457082) (0.426391,-0.350205) (0.353265,-0.309397) (0.332915,-0.2492) (0.273677,-0.212339) (0.225715,-0.160869) (0.214275,-0.134469) (0.171796,-0.110109) (1,0) (1,0) (1,0) (1,0) (1,0)]},
{1065342000 32657 29413624 60839393 140262209178276 0.000373868 32657},
{65 0.644803}]
