[
CSI_Start,
{0 -1 #[(1,0) (1,0) (1,0) (1,0) (1,0) (1,0) (0.15729,-0.327631) (0.232892,-0.374363) (0.282745,-0.454817) (0.344541,-0.484364) (0.521201,-0.597354) (0.52831,-0.646797) (0.658387,-0.743011) (0.782503,-0.882546) (0.811232,-1.04253) (0.929418,-1.3335) (0.948547,-1.46899) (0.879348,-1.70542) (0.788072,-1.85147) (0.712269,-1.93147) (0.636675,-2.00692) (0.501912,-2.14369) (0.431711,-2.05281) (0.440134,-2.13703) (0.404662,-2.07918) (0.396389,-2.13946) (0.441877,-2.19039) (0.452273,-2.18498) (0.464831,-2.21966) (0.493865,-2.19373) (0.459358,-2.19157) (0.321956,-2.18455) (1,0) (0.487584,-2.22731) (0.50874,-2.31992) (0.526243,-2.21097) (0.54123,-2.31196) (0.498853,-2.18882) (0.65749,-2.34583) (0.524067,-2.25758) (0.549667,-2.34827) (0.440707,-2.29699) (0.441404,-2.40363) (0.367178,-2.36909) (0.269768,-2.35399) (0.144597,-2.32527) (-0.0144069,-2.2199) (-0.302986,-2.21876) (-0.380511,-1.89857) (-0.460912,-1.73178) (-0.609744,-1.37903) (-0.508312,-1.28862) (-0.399876,-1.09596) (-0.393484,-0.95096) (-0.295858,-0.807446) (-0.214018,-0.702162) (-0.164814,-0.589004) (-0.104916,-0.527382) (-0.103981,-0.392412) (1,0) (1,0) (1,0) (1,0) (1,0)]},
{310359088 32657 29411512 1085853 140262209178276 -0.000435866 32657}]
[
CSI_Start,
{0 -1 #[(1,0) (1,0) (1,0) (1,0) (1,0) (1,0) (0.647596,-0.115465) (0.806107,-0.0692418) (0.985365,-0.0553071) (1.08959,-0.0174904) (1.40372,0.0621281) (1.57794,0.0755184) (1.84733,0.108931) (2.24035,0.170136) (2.51419,-0.00969277) (2.99067,-0.128814) (3.22255,-0.322393) (3.48535,-0.637601) (3.55602,-0.891319) (3.67443,-1.24748) (3.62743,-1.42363) (3.64927,-1.74761) (3.53559,-1.81301) (3.5798,-1.85074) (3.49805,-1.88462) (3.50015,-1.92059) (3.59627,-1.84685) (3.63854,-1.95563) (3.65829,-2.02886) (3.61988,-1.9187) (3.68962,-1.90427) (3.56167,-1.9509) (1,0) (3.6416,-1.96656) (3.79742,-2.0877) (3.65328,-1.9396) (3.74084,-2.08795) (3.57758,-1.93051) (3.72013,-1.97113) (3.67976,-1.96931) (3.73713,-2.01241) (3.56984,-2.14357) (3.67148,-2.28607) (3.50496,-2.34722) (3.38537,-2.44447) (3.16926,-2.62688) (2.87321,-2.6255) (2.44563,-2.91664) (1.98616,-2.80658) (1.71463,-2.60294) (1.26958,-2.32831) (1.05572,-2.09747) (0.890199,-1.78142) (0.695065,-1.62263) (0.636442,-1.26535) (0.607722,-1.13018) (0.520405,-0.916347) (0.464215,-0.756827) (0.403637,-0.583004) (1,0) (1,0) (1,0) (1,0) (1,0)]},
{310359088 32657 29411512 17760949 140262209178276 -0.00103037 32657}]
[
CSI_Start,
{0 -1 #[(1,0) (1,0) (1,0) (1,0) (1,0) (1,0) (0.663276,-0.109545) (0.834333,-0.0579876) (1.00312,-0.0572047) (1.18251,0.0717934) (1.41575,0.216649) (1.66904,0.353091) (1.78564,0.367216) (2.20203,0.651407) (2.69213,0.60578) (2.9739,0.734188) (3.24209,0.942431) (3.70529,0.657317) (3.97985,0.509055) (4.21035,0.361189) (4.32729,0.363481) (4.29959,0.0965274) (4.343,0.161214) (4.19517,0.346962) (4.28258,0.434225) (4.28393,0.529311) (4.25536,0.851102) (4.21143,0.639585) (3.96587,1.18237) (4.24232,1.15925) (4.29957,1.34084) (4.14279,1.22774) (1,0) (4.16764,1.83529) (4.18848,1.89298) (4.0689,2.10666) (3.94087,2.19453) (3.85797,2.35305) (3.77878,2.54119) (3.71023,2.69694) (3.65566,2.83018) (3.63023,2.78225) (3.65025,2.84809) (3.61908,2.78023) (3.70885,2.79686) (3.53129,2.56826) (3.81923,2.43787) (3.49781,2.03859) (3.31391,1.69808) (3.14845,1.41753) (2.71766,1.55533) (2.18334,1.03757) (1.99236,1.10499) (1.6874,0.807469) (1.38843,0.913724) (1.14728,0.741589) (0.922337,0.655904) (0.734612,0.553437) (0.586195,0.580173) (1,0) (1,0) (1,0) (1,0) (1,0)]},
{310359088 32657 29411512 19604918 140262209178276 1.65207e-05 32657}]
[
CSI_Start,
{0 -1 #[(1,0) (1,0) (1,0) (1,0) (1,0) (1,0) (-0.467431,0.503457) (-0.580424,0.50723) (-0.677641,0.621978) (-0.862675,0.690847) (-1.19379,0.651116) (-1.44957,0.660303) (-1.62145,0.769389) (-1.99456,0.815179) (-2.22871,0.96425) (-2.64268,1.12802) (-2.8432,1.30678) (-3.09785,1.54111) (-3.09755,1.72443) (-3.22077,1.89565) (-3.22318,1.97045) (-3.22921,2.2006) (-3.28279,2.15715) (-3.3438,1.99921) (-3.45489,1.841) (-3.5417,1.84619) (-3.60569,1.59381) (-3.68195,1.54071) (-3.74642,1.4838) (-3.7404,1.26944) (-3.89256,1.20636) (-3.91906,1.05925) (1,0) (-3.98374,0.734823) (-4.1944,0.640464) (-4.12865,0.43327) (-4.20207,0.370714) (-4.07046,0.113951) (-4.21033,-0.0821648) (-4.04915,-0.271516) (-4.20534,-0.356156) (-4.09819,-0.317297) (-4.32033,-0.42808) (-4.21078,-0.381455) (-4.27367,-0.458891) (-4.16158,-0.324955) (-3.9979,-0.256137) (-3.75029,0.102191) (-3.45653,0.289104) (-3.14305,0.172441) (-2.76791,0.264701) (-2.40282,0.286848) (-2.08142,0.0799438) (-1.73968,0.136387) (-1.52635,-0.108607) (-1.28534,-0.00517429) (-1.04608,-0.101052) (-0.867693,-0.168811) (-0.675144,-0.165571) (1,0) (1,0) (1,0) (1,0) (1,0)]},
{310359088 32657 29411512 21238774 140262209178276 5.53171e-05 32657}]
[
CSI_Start,
{0 -1 #[(1,0) (1,0) (1,0) (1,0) (1,0) (1,0) (-0.823746,0.111304) (-1.02112,0.0377842) (-1.17692,-0.00679864) (-1.42978,-0.0692794) (-1.73716,-0.153631) (-2.06238,-0.227657) (-2.34354,-0.235089) (-2.81164,-0.338334) (-3.11209,-0.213112) (-3.76918,-0.013744) (-4.139,0.269512) (-4.42765,0.585665) (-4.51365,0.989002) (-4.71679,1.34867) (-4.73011,1.56473) (-4.65024,1.83455) (-4.64216,1.9562) (-4.50703,1.96361) (-4.67351,2.09382) (-4.62298,2.04373) (-4.63883,2.02117) (-4.63448,2.1215) (-4.64415,2.11862) (-4.64694,2.09366) (-4.72861,2.07692) (-4.66439,2.06994) (1,0) (-4.66528,2.02284) (-4.84706,2.06438) (-4.82225,2.07899) (-4.81981,2.03747) (-4.76229,1.97131) (-4.88844,1.96967) (-4.72528,1.9884) (-4.87233,1.99469) (-4.70238,2.10947) (-4.75615,2.24316) (-4.6753,2.43637) (-4.57189,2.57191) (-4.30702,2.77797) (-3.98502,2.86369) (-3.43647,3.06453) (-3.00894,3.18524) (-2.5392,2.90754) (-2.08039,2.74005) (-1.71178,2.47708) (-1.44298,2.03121) (-1.17377,1.86375) (-1.06055,1.41168) (-0.964012,1.28926) (-0.832866,1.06755) (-0.735288,0.81079) (-0.668463,0.671547) (1,0) (1,0) (1,0) (1,0) (1,0)]},
{310359088 32657 29411512 22302299 140262209178276 -0.000965314 32657}]
[
CSI_Start,
{0 -1 #[(1,0) (1,0) (1,0) (1,0) (1,0) (1,0) (0.788133,-0.591831) (1.05031,-0.615689) (1.19667,-0.700351) (1.48151,-0.765993) (1.98841,-0.585931) (2.30396,-0.579767) (2.60119,-0.712134) (3.24135,-0.458956) (3.67583,-0.766379) (4.27927,-0.762245) (4.62697,-0.96365) (5.068,-1.13024) (5.21398,-1.357) (5.44786,-1.52717) (5.47005,-1.58202) (5.60435,-1.8462) (5.61092,-1.72026) (5.62981,-1.35023) (5.53162,-1.1219) (5.71058,-0.95856) (5.63751,-0.502918) (5.81751,-0.420132) (5.75179,-0.060238) (5.69614,0.251528) (5.76446,0.51404) (5.67237,0.762879) (1,0) (5.56451,1.34865) (5.76327,1.6437) (5.47155,1.94631) (5.42465,2.20572) (5.0967,2.46316) (5.10127,2.76319) (4.85115,3.00677) (4.87454,3.27702) (4.67451,3.23889) (4.79052,3.51882) (4.65875,3.51947) (4.54875,3.63958) (4.51336,3.59569) (4.34939,3.44816) (4.31258,2.82714) (4.02228,2.43086) (3.6545,2.38396) (3.20337,1.99591) (2.73142,1.66816) (2.29576,1.69749) (1.91772,1.3407) (1.50142,1.46977) (1.2722,1.1142) (0.948773,0.97603) (0.68622,0.91568) (0.509961,0.757443) (1,0) (1,0) (1,0) (1,0) (1,0)]},
{310359088 32657 29411512 26037427 140262209178276 0.000239312 32657}]
[
CSI_Start,
{0 -1 #[(1,0) (1,0) (1,0) (1,0) (1,0) (1,0) (-0.943172,0.479022) (-1.00849,0.209933) (-1.31045,0.238216) (-1.7884,0.163459) (-2.24195,0.543474) (-2.16763,0.395603) (-2.38646,0.80114) (-3.02068,0.657507) (-3.32165,1.31636) (-3.88305,1.90057) (-3.8587,2.03447) (-4.1654,2.96423) (-3.93558,3.3321) (-3.91308,4.06827) (-3.09764,4.52295) (-3.021,4.71197) (-2.84204,4.81651) (-2.65985,4.7961) (-2.76889,4.92021) (-2.19419,5.15689) (-2.41674,5.05522) (-2.13757,5.06619) (-1.98598,5.29742) (-1.81196,5.24283) (-1.71925,5.37576) (-1.50521,5.41131) (1,0) (-1.34108,5.48107) (-1.22979,5.55556) (-1.08036,5.40714) (-0.918392,5.60152) (-0.870155,5.44567) (-0.734865,5.49848) (-0.670979,5.59898) (-0.450134,5.53476) (-0.112006,5.58399) (0.134978,5.58295) (0.491757,5.48813) (0.793486,5.51397) (1.2324,5.36366) (1.57254,5.06299) (2.11979,4.47339) (2.34841,3.91056) (2.37798,3.4575) (2.34469,2.73406) (2.14499,2.24068) (1.93984,1.89222) (1.68531,1.5121) (1.45198,1.34414) (1.18169,1.15312) (0.998631,0.934078) (0.835448,0.770867) (0.637484,0.699431) (1,0) (1,0) (1,0) (1,0) (1,0)]},
{310359088 32657 29411512 27994535 140262209178276 2.08075e-06 32657}]
[
CSI_Start,
{0 -1 #[(1,0) (1,0) (1,0) (1,0) (1,0) (1,0) (0.884433,-0.111592) (1.06919,-0.0372495) (1.25143,-0.0217917) (1.42702,0.0490902) (1.85568,0.138502) (2.10573,0.200574) (2.39529,0.135377) (2.91216,0.173927) (3.19076,0.0499093) (3.85091,-0.0558925) (4.20621,-0.285764) (4.46949,-0.661667) (4.62732,-1.05457) (4.721,-1.42172) (4.57834,-1.78506) (4.68345,-2.10424) (4.47564,-2.23414) (4.54225,-2.31072) (4.472,-2.28296) (4.47773,-2.53293) (4.37743,-2.44898) (4.37995,-2.43999) (4.49608,-2.3971) (4.4572,-2.23818) (4.50933,-2.29772) (4.41437,-2.27073) (1,0) (4.27466,-2.34475) (4.58344,-2.33966) (4.4366,-2.26679) (4.45949,-2.3868) (4.35268,-2.24007) (4.44841,-2.37566) (4.30588,-2.30398) (4.42518,-2.3766) (4.19984,-2.46114) (4.35325,-2.52238) (4.30589,-2.52665) (4.18442,-2.61473) (3.89446,-2.72998) (3.48676,-2.91562) (3.00988,-3.20812) (2.53394,-3.14397) (2.21543,-2.96313) (1.70973,-2.63276) (1.34926,-2.46351) (1.11529,-2.04392) (0.95384,-1.77633) (0.881984,-1.45486) (0.830747,-1.28974) (0.76835,-1.00817) (0.621418,-0.774565) (0.556867,-0.650332) (1,0) (1,0) (1,0) (1,0) (1,0)]},
{310359088 32657 29411512 29886888 140262209178276 -0.000472281 32657}]
[
CSI_Start,
{0 -1 #[(1,0) (1,0) (1,0) (1,0) (1,0) (1,0) (-0.276378,-0.708026) (-0.310466,-0.903939) (-0.328827,-1.10247) (-0.347853,-1.27944) (-0.394567,-1.58082) (-0.436264,-1.83404) (-0.566761,-2.1163) (-0.744454,-2.47602) (-1.01428,-2.70275) (-1.43443,-3.09974) (-1.8644,-3.22855) (-2.33851,-3.26604) (-2.75916,-3.17462) (-3.19614,-2.96852) (-3.35791,-2.73907) (-3.67432,-2.57083) (-3.73101,-2.33559) (-3.90812,-2.18824) (-3.90657,-2.10479) (-4.01224,-1.99545) (-3.99313,-1.92367) (-3.96045,-1.78054) (-4.09535,-1.78) (-4.10251,-1.63434) (-4.11014,-1.51181) (-4.12964,-1.49583) (1,0) (-4.09359,-1.27211) (-4.24325,-1.26887) (-4.16942,-1.13268) (-4.3158,-1.03568) (-4.18253,-0.962521) (-4.28148,-0.953785) (-4.17884,-0.871518) (-4.26117,-0.759534) (-4.23805,-0.514365) (-4.38592,-0.371084) (-4.35452,-0.0779527) (-4.26625,0.089844) (-4.10809,0.426754) (-3.8741,0.735102) (-3.69638,1.19591) (-3.26483,1.43752) (-2.84182,1.49963) (-2.36336,1.50756) (-2.01419,1.44981) (-1.6673,1.23789) (-1.42144,1.10777) (-1.13022,0.882309) (-1.04911,0.800667) (-0.858058,0.634878) (-0.710391,0.513974) (-0.598873,0.381408) (1,0) (1,0) (1,0) (1,0) (1,0)]},
{310359088 32657 29411512 32573603 140262209178276 -0.000358484 32657}]
[
CSI_Start,
{0 -1 #[(1,0) (1,0) (1,0) (1,0) (1,0) (1,0) (-0.446053,0.595273) (-0.566783,0.718461) (-0.807481,0.817715) (-0.962914,0.931177) (-1.1863,1.12448) (-1.35941,1.28834) (-1.57608,1.53035) (-1.75844,1.86938) (-1.92121,2.21873) (-2.02136,2.67905) (-1.86379,2.94268) (-1.7847,3.59288) (-1.5375,3.97153) (-1.21711,4.23633) (-0.872256,4.32254) (-0.567927,4.41073) (-0.350358,4.41865) (-0.192322,4.45319) (-0.0600774,4.46434) (0.0500897,4.4123) (0.0836509,4.41336) (0.210503,4.44149) (0.316279,4.40194) (0.265385,4.42709) (0.33502,4.40237) (0.478062,4.39629) (1,0) (0.675602,4.3331) (0.68318,4.38475) (0.712532,4.33523) (0.84855,4.24206) (0.836289,4.17039) (0.922666,4.21152) (0.951979,4.20405) (1.08053,4.1994) (1.28578,4.10853) (1.38965,4.06714) (1.57616,3.98673) (1.73006,3.9062) (1.99482,3.69889) (2.17286,3.423) (2.49004,2.88949) (2.54122,2.44273) (2.38333,2.07919) (2.26654,1.60414) (2.08304,1.24603) (1.76494,1.04279) (1.56914,0.875919) (1.30833,0.759375) (1.08092,0.686061) (0.908722,0.591656) (0.72504,0.471509) (0.598653,0.42394) (1,0) (1,0) (1,0) (1,0) (1,0)]},
{310359088 32657 29411512 32592671 140262209178276 -8.61292e-05 32657},
{35 0.106819}]
[
CSI_Start,
{0 -1 #[(1,0) (1,0) (1,0) (1,0) (1,0) (1,0) (-0.323203,0.669215) (-0.418868,0.791917) (-0.540863,0.94131) (-0.634518,1.07297) (-0.799315,1.31702) (-0.867303,1.49885) (-0.988485,1.72532) (-1.09468,2.14098) (-1.08084,2.45084) (-0.996575,2.95323) (-0.811122,3.31893) (-0.49065,3.67754) (-0.12441,3.84759) (0.244986,4.00191) (0.563676,3.98335) (0.89488,4.0098) (1.08741,3.87098) (1.22811,3.85489) (1.35001,3.7918) (1.48341,3.71763) (1.57552,3.69678) (1.66345,3.64263) (1.7608,3.62392) (1.78532,3.55705) (1.87489,3.53048) (1.95472,3.48011) (1,0) (2.04123,3.35189) (2.20628,3.40272) (2.21173,3.25443) (2.34447,3.28867) (2.29191,3.09236) (2.42249,3.11236) (2.46356,3.0195) (2.53759,2.99702) (2.68461,2.83586) (2.83681,2.79414) (2.96674,2.6035) (3.05764,2.40258) (3.19172,2.06366) (3.20327,1.72233) (3.30295,1.29926) (3.13131,0.886865) (2.85592,0.622751) (2.51416,0.29484) (2.27386,0.0960777) (1.90406,0.0121275) (1.66563,-0.0547616) (1.37361,-0.0253834) (1.19123,0.00548173) (0.990599,0.0342082) (0.823254,0.0310975) (0.687407,0.0384201) (1,0) (1,0) (1,0) (1,0) (1,0)]},
{310359088 32657 29411512 35618610 140262209178276 -9.97171e-05 32657}]
[
CSI_Start,
{0 -1 #[(1,0) (1,0) (1,0) (1,0) (1,0) (1,0) (0.0258242,-0.81896) (0.115295,-0.956155) (0.176409,-1.12878) (0.299182,-1.31578) (0.471312,-1.57018) (0.562931,-1.8007) (0.662365,-2.12208) (0.895199,-2.5012) (0.84387,-2.92795) (0.865281,-3.38853) (0.709119,-3.82302) (0.506546,-4.1609) (0.21903,-4.41222) (-0.00487322,-4.56834) (-0.204356,-4.65385) (-0.510308,-4.74672) (-0.595529,-4.69345) (-0.560937,-4.67776) (-0.520268,-4.63375) (-0.559699,-4.67592) (-0.415043,-4.71432) (-0.465712,-4.72597) (-0.404544,-4.67772) (-0.302893,-4.70716) (-0.264556,-4.75276) (-0.194916,-4.65103) (1,0) (-0.0645497,-4.70136) (-0.0343349,-4.81585) (0.019017,-4.6692) (0.0535652,-4.72683) (0.173403,-4.59769) (0.227684,-4.62155) (0.338491,-4.57367) (0.370564,-4.61837) (0.235655,-4.57645) (0.240268,-4.66761) (0.140563,-4.61341) (0.0791828,-4.53224) (-0.159902,-4.48573) (-0.313234,-4.30427) (-0.700778,-4.04277) (-0.937535,-3.64003) (-0.892713,-3.27648) (-0.925049,-2.77946) (-0.8831,-2.42339) (-0.711764,-2.10463) (-0.623219,-1.7899) (-0.384788,-1.53637) (-0.373108,-1.32442) (-0.271534,-1.11148) (-0.165328,-0.937006) (-0.0913638,-0.786654) (1,0) (1,0) (1,0) (1,0) (1,0)]},
{310359088 32657 29411512 37723952 140262209178276 -4.8058e-05 32657}]
[
CSI_Start,
{0 -1 #[(1,0) (1,0) (1,0) (1,0) (1,0) (1,0) (-0.740487,0.384369) (-0.941295,0.398595) (-1.15999,0.469009) (-1.3601,0.538654) (-1.63099,0.657856) (-1.91035,0.814816) (-2.19073,1.02598) (-2.51666,1.29308) (-2.7652,1.70853) (-3.02291,2.24999) (-3.07916,2.76154) (-3.00694,3.36595) (-2.73594,3.85793) (-2.40201,4.3644) (-2.02659,4.57015) (-1.63293,4.8099) (-1.30754,4.86508) (-1.0849,4.90762) (-0.864274,5.02379) (-0.619313,4.93851) (-0.516601,5.05188) (-0.281426,5.10802) (-0.0882942,5.08086) (-0.0275061,5.08545) (0.135962,5.11971) (0.342574,5.10704) (1,0) (0.676391,5.08041) (0.864637,5.0979) (0.941466,4.95251) (1.17636,4.99099) (1.2625,4.80399) (1.4469,4.81371) (1.54472,4.73592) (1.77455,4.65397) (2.07235,4.60575) (2.26067,4.51626) (2.47786,4.35919) (2.72909,4.0984) (3.08461,3.79877) (3.28102,3.33723) (3.54426,2.69768) (3.52354,2.13178) (3.2672,1.70056) (3.01662,1.13264) (2.67293,0.821319) (2.34846,0.65747) (2.01159,0.453957) (1.7158,0.368754) (1.43126,0.328024) (1.168,0.311694) (0.993048,0.249406) (0.795356,0.243634) (1,0) (1,0) (1,0) (1,0) (1,0)]},
{310359088 32657 29411512 38459133 140262209178276 -0.000653675 32657}]
[
CSI_Start,
{0 -1 #[(1,0) (1,0) (1,0) (1,0) (1,0) (1,0) (0.533811,-0.610954) (0.649208,-0.7319) (0.864581,-0.871829) (0.974066,-0.975188) (1.22926,-1.21558) (1.36042,-1.34489) (1.6446,-1.68757) (1.8233,-2.04739) (1.94044,-2.51107) (2.05065,-3.07753) (1.89269,-3.57877) (1.66263,-4.04249) (1.31607,-4.46612) (0.938885,-4.70697) (0.527457,-4.70243) (0.14571,-4.99064) (-0.147564,-4.81957) (-0.376528,-4.9853) (-0.501185,-4.85224) (-0.710871,-4.90772) (-0.7924,-4.8794) (-1.00354,-4.82223) (-1.15001,-4.93846) (-1.19076,-4.80248) (-1.30278,-4.77013) (-1.4251,-4.68357) (1,0) (-1.69931,-4.56837) (-1.81274,-4.742) (-1.83889,-4.4852) (-2.08495,-4.56298) (-2.02302,-4.38105) (-2.19352,-4.39305) (-2.27061,-4.34875) (-2.39994,-4.2578) (-2.66513,-4.1177) (-2.87014,-4.12897) (-3.03255,-3.85803) (-3.20526,-3.65338) (-3.40315,-3.26825) (-3.46548,-2.81023) (-3.80435,-2.29765) (-3.58159,-1.68507) (-3.44026,-1.33412) (-2.96714,-0.83749) (-2.70138,-0.607158) (-2.32095,-0.423718) (-2.00476,-0.269843) (-1.66978,-0.308498) (-1.46239,-0.258522) (-1.21231,-0.234524) (-0.973698,-0.214688) (-0.797959,-0.203639) (1,0) (1,0) (1,0) (1,0) (1,0)]},
{310359088 32657 29411512 40159561 140262209178276 0.000185972 32657}]
[
CSI_Start,
{0 -1 #[(1,0) (1,0) (1,0) (1,0) (1,0) (1,0) (0.720115,-0.737704) (0.950547,-0.735881) (1.07469,-0.925945) (1.36778,-0.939768) (1.84603,-0.967099) (2.26922,-0.964279) (2.50291,-1.22463) (3.06235,-1.22744) (3.33995,-1.50016) (3.96015,-1.63413) (4.30348,-1.96424) (4.58061,-2.33832) (4.78232,-2.61657) (4.81843,-2.75326) (4.7744,-2.93464) (4.82624,-3.18507) (4.85643,-3.16634) (4.8941,-2.93601) (4.96872,-2.72623) (5.11607,-2.78661) (5.04985,-2.4258) (5.15606,-2.42422) (5.2496,-2.03045) (5.33258,-1.77885) (5.44284,-1.6095) (5.45356,-1.38262) (1,0) (5.45965,-0.971838) (5.66521,-0.764439) (5.62385,-0.57834) (5.55561,-0.331456) (5.54674,-0.0271061) (5.60783,0.114861) (5.45829,0.350365) (5.54387,0.583896) (5.39196,0.609705) (5.43522,0.806949) (5.46191,0.798564) (5.34012,0.989413) (5.40975,0.654103) (5.19271,0.641864) (4.86179,0.225809) (4.42001,0.0975811) (4.01426,0.112259) (3.51332,0.0929662) (3.01741,-0.0815845) (2.59397,0.117794) (2.19287,0.0273879) (1.85833,0.361165) (1.53707,0.221796) (1.28293,0.297035) (0.995446,0.353501) (0.821861,0.333933) (1,0) (1,0) (1,0) (1,0) (1,0)]},
{310359088 32657 29411512 41215089 140262209178276 0.000553367 32657}]
[
CSI_Start,
{0 -1 #[(1,0) (1,0) (1,0) (1,0) (1,0) (1,0) (-0.768626,0.575826) (-1.01129,0.6127) (-1.22363,0.715356) (-1.48512,0.769831) (-1.85594,0.847441) (-2.17603,0.922347) (-2.55729,1.37582) (-2.93788,1.39218) (-3.25898,1.76775) (-3.72299,1.97548) (-3.62282,2.47022) (-3.94775,3.27104) (-3.4863,3.83718) (-3.54511,4.30576) (-3.25369,4.38093) (-2.87453,4.49367) (-3.03624,4.82897) (-2.97398,4.92685) (-3.31173,4.63781) (-2.74248,4.94203) (-2.78139,4.85842) (-2.72997,4.92603) (-2.77163,4.94771) (-2.7435,4.84175) (-2.58817,5.05349) (-2.38729,4.84208) (1,0) (-2.61686,4.86677) (-2.73884,4.95418) (-2.67243,4.78341) (-2.35762,4.79016) (-2.2805,4.72952) (-2.38225,4.72194) (-2.56096,4.74248) (-2.49366,4.90282) (-1.97429,4.85621) (-2.33735,4.98063) (-2.19022,4.90012) (-2.04827,4.68319) (-1.60737,4.57939) (-1.36607,4.73814) (-0.753594,4.72851) (-0.417841,4.2261) (-0.0675884,3.65314) (0.0104094,3.49329) (0.134974,2.80342) (0.202429,2.52713) (0.248657,2.15108) (0.0345221,1.82596) (0.0159742,1.61426) (-0.00450523,1.21275) (-0.0420674,1.05167) (-0.113745,0.962231) (1,0) (1,0) (1,0) (1,0) (1,0)]},
{310359088 32657 29411512 45095960 140262209178276 0.000373089 32657},
{48 0.538128}]
[
CSI_Start,
{0 -1 #[(1,0) (1,0) (1,0) (1,0) (1,0) (1,0) (0.247512,-0.866416) (0.412628,-1.02566) (0.529409,-1.2257) (0.654556,-1.41125) (0.903346,-1.66834) (1.03855,-1.89257) (1.23903,-2.21938) (1.43512,-2.66909) (1.42369,-3.19384) (1.44906,-3.75631) (1.25122,-4.22643) (0.969587,-4.64848) (0.60744,-4.9723) (0.190408,-5.26207) (-0.0521528,-5.31995) (-0.455979,-5.35577) (-0.678106,-5.25716) (-0.729281,-5.25096) (-0.819133,-5.2138) (-0.839175,-5.17263) (-0.76241,-5.27067) (-0.948085,-5.32827) (-0.992169,-5.25434) (-1.05485,-5.13601) (-1.04846,-5.2446) (-1.08012,-5.12819) (1,0) (-1.03183,-5.17389) (-1.19559,-5.25654) (-1.07746,-5.0655) (-1.2177,-5.2037) (-1.13038,-4.96779) (-1.11983,-5.03046) (-1.1062,-5.06851) (-1.15134,-5.05852) (-1.36871,-5.00204) (-1.5037,-4.994) (-1.69624,-4.80839) (-1.88783,-4.73772) (-2.18211,-4.59583) (-2.28402,-4.254) (-2.65462,-3.75151) (-2.73741,-3.24325) (-2.54259,-2.82983) (-2.39758,-2.24321) (-2.15383,-1.89393) (-1.85215,-1.66079) (-1.66408,-1.37638) (-1.33678,-1.19351) (-1.13986,-1.01389) (-0.902478,-0.881612) (-0.754362,-0.759715) (-0.603747,-0.685487) (1,0) (1,0) (1,0) (1,0) (1,0)]},
{310359088 32657 29411512 46464110 140262209178276 1.75964e-05 32657}]
[
CSI_Start,
{0 -1 #[(1,0) (1,0) (1,0) (1,0) (1,0) (1,0) (0.448594,0.445826) (0.794605,0.247931) (0.719316,0.484229) (1.27935,0.134363) (0.687127,1.35338) (1.30808,1.22224) (1.55913,1.49371) (1.58293,2.51744) (2.48676,1.91139) (1.52818,3.43558) (1.39717,2.71068) (2.45588,2.34041) (2.82426,2.8663) (2.48877,2.05774) (4.15685,1.27058) (1.73839,3.32423) (3.51749,1.71573) (2.16509,3.35727) (3.2927,2.5102) (2.57495,3.79315) (2.82419,4.12333) (2.98807,3.84045) (1.71891,4.3558) (1.15986,3.27235) (2.16443,2.71027) (2.57095,3.63683) (1,0) (2.79465,3.55403) (-0.472729,3.96272) (1.27132,3.50502) (0.0193495,3.91059) (1.32156,3.55766) (-1.1041,4.44693) (0.110847,5.04671) (-0.832592,5.05486) (0.850567,4.69642) (-1.64518,3.72893) (-1.02864,3.53319) (-0.862792,3.32011) (-0.0561526,3.14716) (0.824754,3.87958) (-1.24284,3.28119) (0.443385,3.04391) (-0.898971,2.88618) (0.334839,2.27492) (-0.657412,2.40205) (-0.299498,2.40039) (-0.393073,2.13176) (-0.0679833,1.60872) (-0.551622,1.05977) (-0.414899,0.855475) (-0.210155,0.684292) (-0.165508,0.651078) (1,0) (1,0) (1,0) (1,0) (1,0)]},
{310359088 32657 29411512 47266518 140262209178276 0.000260658 32657},
{#f 29076976 1.61411e-27}]
[
CSI_Start,
{0 -1 #[(1,0) (1,0) (1,0) (1,0) (1,0) (1,0) (-0.594239,0.694854) (-0.754411,0.785668) (-0.94354,0.939432) (-1.17149,1.04005) (-1.47709,1.19844) (-1.73224,1.34825) (-2.00259,1.55303) (-2.38857,1.90584) (-2.57721,2.34847) (-2.79851,2.85682) (-2.81582,3.36785) (-2.74795,3.94638) (-2.59407,4.29327) (-2.27074,4.63986) (-2.10257,4.78077) (-1.81842,5.02909) (-1.59537,5.08352) (-1.56868,5.08761) (-1.40708,5.01382) (-1.42521,5.08054) (-1.45768,5.04934) (-1.37676,5.09535) (-1.33708,5.13936) (-1.29556,5.12845) (-1.32939,5.10623) (-1.29175,5.13337) (1,0) (-1.26709,5.12613) (-1.33311,5.15686) (-1.31606,5.11471) (-1.23525,5.14879) (-1.2292,5.02539) (-1.28204,5.07276) (-1.29918,5.01158) (-1.3215,5.04922) (-1.0492,5.14782) (-0.976738,5.18454) (-0.749385,5.24699) (-0.560795,5.13431) (-0.222693,5.06483) (0.0410618,4.88044) (0.601736,4.67812) (0.886117,4.23719) (0.914338,3.7714) (1.08891,3.2021) (1.08352,2.75631) (0.926062,2.36869) (0.832999,2.01447) (0.630344,1.72455) (0.524638,1.48507) (0.395824,1.26253) (0.297872,1.03948) (0.168774,0.877587) (1,0) (1,0) (1,0) (1,0) (1,0)]},
{310359088 32657 29411512 49529302 140262209178276 0.00109815 32657}]
[
CSI_Start,
{0 -1 #[(1,0) (1,0) (1,0) (1,0) (1,0) (1,0) (0.159104,0.813379) (0.158783,0.980273) (0.168295,1.15178) (0.089462,1.37657) (-0.289424,1.65312) (-0.366973,1.94888) (-0.314364,2.27489) (-0.604339,2.57801) (-0.550975,2.99456) (-0.911802,3.14938) (-0.568347,3.71529) (-0.6825,3.80207) (-0.76141,4.31312) (-0.649197,4.40998) (-0.54311,4.47574) (-0.390601,4.63262) (-0.440135,4.53802) (-0.721902,4.4377) (-0.881748,4.31353) (-0.883435,4.49508) (-1.15297,4.29287) (-1.2729,4.36293) (-1.58575,4.13733) (-1.88128,3.98684) (-1.83008,3.84475) (-2.19713,3.8343) (1,0) (-2.46277,3.63462) (-2.68983,3.5512) (-2.70892,3.17643) (-2.96245,3.1845) (-2.89728,2.80623) (-3.34682,2.94622) (-3.36871,2.66943) (-3.53823,2.61077) (-3.47579,2.4629) (-3.4764,2.1835) (-3.78618,2.18514) (-3.83706,2.08945) (-3.75483,2.10515) (-3.59344,2.10202) (-3.05447,2.1521) (-2.72175,2.1374) (-2.68535,1.8924) (-2.24474,1.69958) (-1.8175,1.5605) (-1.76005,1.22177) (-1.38446,1.01751) (-1.40619,0.667103) (-1.11664,0.513648) (-0.99596,0.386862) (-0.813715,0.25629) (-0.678896,0.148818) (1,0) (1,0) (1,0) (1,0) (1,0)]},
{310359088 32657 29411512 52987308 140262209178276 0.000696278 32657},
{57 0.156312}]
[
CSI_Start,
{0 -1 #[(1,0) (1,0) (1,0) (1,0) (1,0) (1,0) (0.133508,0.894673) (0.0530547,1.06747) (0.0806604,1.25603) (-0.0226044,1.45487) (-0.154112,1.76736) (-0.24791,2.02845) (-0.266358,2.32312) (-0.36884,2.77518) (-0.21808,3.18546) (-0.212164,3.66194) (-0.0656799,4.0471) (0.261999,4.31198) (0.563686,4.48583) (0.861865,4.61757) (0.98003,4.66039) (1.31383,4.66782) (1.375,4.53304) (1.29797,4.61212) (1.27459,4.53503) (1.29212,4.62109) (1.18013,4.53458) (1.17161,4.59852) (1.01678,4.59319) (0.942234,4.60496) (0.890124,4.62591) (0.823631,4.54254) (1,0) (0.641974,4.57403) (0.616406,4.70855) (0.471342,4.61363) (0.416481,4.64895) (0.322289,4.5268) (0.240399,4.60514) (0.152853,4.56414) (0.131498,4.63829) (0.15754,4.58008) (0.181971,4.63874) (0.244469,4.6282) (0.374126,4.56434) (0.527307,4.50753) (0.707321,4.23253) (1.03525,3.97047) (1.17786,3.50744) (1.11513,3.25419) (1.14527,2.77878) (1.07811,2.36285) (0.88203,2.0711) (0.807189,1.69966) (0.534076,1.52585) (0.453804,1.29754) (0.328037,1.06365) (0.21984,0.920146) (0.124336,0.794129) (1,0) (1,0) (1,0) (1,0) (1,0)]},
{310359088 32657 29411512 55206036 140262209178276 0.00074296 32657}]
[
CSI_Start,
{0 -1 #[(1,0) (1,0) (1,0) (1,0) (1,0) (1,0) (-0.177975,-0.75097) (-0.161851,-0.955995) (-0.119844,-1.09475) (-0.108918,-1.32982) (-0.0791362,-1.63757) (-0.0225917,-1.94141) (-0.0839209,-2.18433) (-0.106127,-2.5402) (-0.213523,-2.89055) (-0.413984,-3.36672) (-0.779705,-3.65834) (-1.15605,-3.88917) (-1.52682,-3.99439) (-1.86196,-3.95655) (-2.07923,-3.90577) (-2.29955,-3.83102) (-2.47041,-3.74431) (-2.52546,-3.66901) (-2.50822,-3.73337) (-2.60804,-3.68155) (-2.4968,-3.35845) (-2.58334,-3.59377) (-2.55763,-3.56217) (-2.61636,-3.57095) (-2.6022,-3.53063) (-2.64619,-3.61493) (1,0) (-2.55777,-3.54501) (-2.49128,-3.58219) (-2.57433,-3.60335) (-2.54472,-3.51567) (-2.51141,-3.57045) (-2.51435,-3.61821) (-2.47985,-3.51508) (-2.51229,-3.57283) (-2.56234,-3.45701) (-2.6582,-3.42199) (-2.82925,-3.33118) (-2.64476,-2.91755) (-2.99726,-2.94698) (-3.08236,-2.68789) (-3.10537,-2.27607) (-3.06317,-1.82587) (-2.7978,-1.49786) (-2.52298,-1.18688) (-2.29395,-0.922805) (-1.89387,-0.753656) (-1.62411,-0.66087) (-1.36087,-0.618965) (-1.16702,-0.550702) (-0.891409,-0.496692) (-0.779139,-0.406262) (-0.631797,-0.373484) (1,0) (1,0) (1,0) (1,0) (1,0)]},
{310359088 32657 29411512 60839393 140262209178276 0.000432051 32657},
{65 0.644803}]
